#
# There is insufficient memory for the Java Runtime Environment to continue.
# Native memory allocation (mmap) failed to map 232783872 bytes for Failed to commit area from 0x0000000722400000 to 0x0000000730200000 of length 232783872.
# Possible reasons:
#   The system is out of physical RAM or swap space
#   The process is running with CompressedOops enabled, and the Java Heap may be blocking the growth of the native heap
# Possible solutions:
#   Reduce memory load on the system
#   Increase physical memory or swap space
#   Check if swap backing store is full
#   Decrease Java heap size (-Xmx/-Xms)
#   Decrease number of Java threads
#   Decrease Java thread stack sizes (-Xss)
#   Set larger code cache with -XX:ReservedCodeCacheSize=
# This output file may be truncated or incomplete.
#
#  Out of Memory Error (./src/hotspot/os/windows/os_windows.cpp:3301), pid=25696, tid=26556
#
# JRE version:  (11.0.10+8) (build )
# Java VM: OpenJDK 64-Bit Server VM (11.0.10+8-b1145.96, mixed mode, sharing, tiered, compressed oops, g1 gc, windows-amd64)
# No core dump will be written. Minidumps are not enabled by default on client versions of Windows
#

---------------  S U M M A R Y ------------

Command Line: org.jetbrains.git4idea.http.GitAskPassApp Username for 'https://github.com': 

Host: AMD Ryzen 5 5600H with Radeon Graphics         , 12 cores, 13G,  Windows 10 , 64 bit Build 19041 (10.0.19041.1566)
Time: Mon Mar 28 14:26:33 2022 中国标准时间 elapsed time: 0.011389 seconds (0d 0h 0m 0s)

---------------  T H R E A D  ---------------

Current thread (0x00000179fc19c800):  JavaThread "Unknown thread" [_thread_in_vm, id=26556, stack(0x00000021aed00000,0x00000021aee00000)]

Stack: [0x00000021aed00000,0x00000021aee00000]
Native frames: (J=compiled Java code, j=interpreted, Vv=VM code, C=native code)
V  [jvm.dll+0x5ece6a]
V  [jvm.dll+0x722cd5]
V  [jvm.dll+0x72422d]
V  [jvm.dll+0x7248e3]
V  [jvm.dll+0x2428d8]
V  [jvm.dll+0x5ea244]
V  [jvm.dll+0x5df2e5]
V  [jvm.dll+0x2fdddb]
V  [jvm.dll+0x2fdd4a]
V  [jvm.dll+0x2fdc22]
V  [jvm.dll+0x302b06]
V  [jvm.dll+0x34b033]
V  [jvm.dll+0x34b736]
V  [jvm.dll+0x34b133]
V  [jvm.dll+0x2d87d8]
V  [jvm.dll+0x2d9987]
V  [jvm.dll+0x701817]
V  [jvm.dll+0x70300c]
V  [jvm.dll+0x3585a9]
V  [jvm.dll+0x6e516e]
V  [jvm.dll+0x3c09e3]
V  [jvm.dll+0x3c2c71]
C  [jli.dll+0x5373]
C  [ucrtbase.dll+0x21bb2]
C  [KERNEL32.DLL+0x17034]
C  [ntdll.dll+0x52651]


---------------  P R O C E S S  ---------------

Threads class SMR info:
_java_thread_list=0x00000179fbee0b90, length=0, elements={
}

Java Threads: ( => current thread )

Other Threads:
  0x00000179fc1b4000 GCTaskThread "GC Thread#0" [stack: 0x00000021aee00000,0x00000021aef00000] [id=21856]
  0x00000179fc206000 ConcurrentGCThread "G1 Main Marker" [stack: 0x00000021aef00000,0x00000021af000000] [id=25864]
  0x00000179fc207800 ConcurrentGCThread "G1 Conc#0" [stack: 0x00000021af000000,0x00000021af100000] [id=1928]

[error occurred during error reporting (printing all threads), id 0xc0000005, EXCEPTION_ACCESS_VIOLATION (0xc0000005) at pc=0x00007ffdd9178db7]

VM state:not at safepoint (not fully initialized)

VM Mutex/Monitor currently owned by a thread:  ([mutex/lock_event])
[0x00000179fc199520] Heap_lock - owner thread: 0x00000179fc19c800

Heap address: 0x0000000722400000, size: 3548 MB, Compressed Oops mode: Non-zero based: 0x0000000722400000
Narrow klass base: 0x0000000000000000, Narrow klass shift: 0

GC Heap History (0 events):
No events

Deoptimization events (0 events):
No events

Classes redefined (0 events):
No events

Internal exceptions (0 events):
No events

Events (1 events):
Event: 0.008 Loaded shared library C:\Program Files\JetBrains\PyCharm 2020.3.5\jbr\bin\zip.dll


Dynamic libraries:
0x00007ff7a10e0000 - 0x00007ff7a10ea000 	C:\Program Files\JetBrains\PyCharm 2020.3.5\jbr\bin\java.exe
0x00007ffe390f0000 - 0x00007ffe392e5000 	C:\Windows\SYSTEM32\ntdll.dll
0x00007ffe38d30000 - 0x00007ffe38dee000 	C:\Windows\System32\KERNEL32.DLL
0x00007ffe36d70000 - 0x00007ffe37038000 	C:\Windows\System32\KERNELBASE.dll
0x00007ffe36be0000 - 0x00007ffe36ce0000 	C:\Windows\System32\ucrtbase.dll
0x00007ffe2dad0000 - 0x00007ffe2dae9000 	C:\Program Files\JetBrains\PyCharm 2020.3.5\jbr\bin\jli.dll
0x00007ffe26f10000 - 0x00007ffe26f27000 	C:\Program Files\JetBrains\PyCharm 2020.3.5\jbr\bin\VCRUNTIME140.dll
0x00007ffe38360000 - 0x00007ffe38500000 	C:\Windows\System32\USER32.dll
0x00007ffe36900000 - 0x00007ffe36922000 	C:\Windows\System32\win32u.dll
0x00007ffe38260000 - 0x00007ffe3828b000 	C:\Windows\System32\GDI32.dll
0x00007ffe37040000 - 0x00007ffe3714b000 	C:\Windows\System32\gdi32full.dll
0x00007ffe22170000 - 0x00007ffe2240a000 	C:\Windows\WinSxS\amd64_microsoft.windows.common-controls_6595b64144ccf1df_6.0.19041.1110_none_60b5254171f9507e\COMCTL32.dll
0x00007ffe36b40000 - 0x00007ffe36bdd000 	C:\Windows\System32\msvcp_win.dll
0x00007ffe38f30000 - 0x00007ffe38fce000 	C:\Windows\System32\msvcrt.dll
0x00007ffe38c60000 - 0x00007ffe38c90000 	C:\Windows\System32\IMM32.DLL
0x00007ffdf9c80000 - 0x00007ffdf9d1d000 	C:\Program Files\JetBrains\PyCharm 2020.3.5\jbr\bin\msvcp140.dll
0x00007ffdd8e90000 - 0x00007ffdd9960000 	C:\Program Files\JetBrains\PyCharm 2020.3.5\jbr\bin\server\jvm.dll
0x00007ffe37280000 - 0x00007ffe3732e000 	C:\Windows\System32\ADVAPI32.dll
0x00007ffe371e0000 - 0x00007ffe3727c000 	C:\Windows\System32\sechost.dll
0x00007ffe37c10000 - 0x00007ffe37d35000 	C:\Windows\System32\RPCRT4.dll
0x00007ffe38fd0000 - 0x00007ffe38fd8000 	C:\Windows\System32\PSAPI.DLL
0x00007ffe1e760000 - 0x00007ffe1e769000 	C:\Windows\SYSTEM32\WSOCK32.dll
0x00007ffe2b730000 - 0x00007ffe2b757000 	C:\Windows\SYSTEM32\WINMM.dll
0x00007ffe2b720000 - 0x00007ffe2b72a000 	C:\Windows\SYSTEM32\VERSION.dll
0x00007ffe382f0000 - 0x00007ffe3835b000 	C:\Windows\System32\WS2_32.dll
0x00007ffe350b0000 - 0x00007ffe350c2000 	C:\Windows\SYSTEM32\kernel.appcore.dll
0x00007ffe20b70000 - 0x00007ffe20b81000 	C:\Program Files\JetBrains\PyCharm 2020.3.5\jbr\bin\verify.dll
0x00007ffe34ea0000 - 0x00007ffe35084000 	C:\Windows\SYSTEM32\DBGHELP.DLL
0x00007ffe21e60000 - 0x00007ffe21e8c000 	C:\Windows\SYSTEM32\dbgcore.DLL
0x00007ffe36ce0000 - 0x00007ffe36d62000 	C:\Windows\System32\bcryptPrimitives.dll
0x00007ffe090c0000 - 0x00007ffe090e9000 	C:\Program Files\JetBrains\PyCharm 2020.3.5\jbr\bin\java.dll
0x00007ffe32030000 - 0x00007ffe3203b000 	C:\Program Files\JetBrains\PyCharm 2020.3.5\jbr\bin\jimage.dll
0x00007ffe0ef30000 - 0x00007ffe0ef48000 	C:\Program Files\JetBrains\PyCharm 2020.3.5\jbr\bin\zip.dll

dbghelp: loaded successfully - version: 4.0.5 - missing functions: none
symbol engine: initialized successfully - sym options: 0x614 - pdb path: .;C:\Program Files\JetBrains\PyCharm 2020.3.5\jbr\bin;C:\Windows\SYSTEM32;C:\Windows\WinSxS\amd64_microsoft.windows.common-controls_6595b64144ccf1df_6.0.19041.1110_none_60b5254171f9507e;C:\Program Files\JetBrains\PyCharm 2020.3.5\jbr\bin\server

VM Arguments:
java_command: org.jetbrains.git4idea.http.GitAskPassApp Username for 'https://github.com': 
java_class_path (initial): C:/Program Files/JetBrains/PyCharm 2020.3.5/plugins/git4idea/lib/git4idea-rt.jar;C:/Program Files/JetBrains/PyCharm 2020.3.5/lib/xmlrpc-2.0.1.jar;C:/Program Files/JetBrains/PyCharm 2020.3.5/lib/commons-codec-1.14.jar
Launcher Type: SUN_STANDARD

[Global flags]
     intx CICompilerCount                          = 4                                         {product} {ergonomic}
     uint ConcGCThreads                            = 3                                         {product} {ergonomic}
     uint G1ConcRefinementThreads                  = 10                                        {product} {ergonomic}
   size_t G1HeapRegionSize                         = 1048576                                   {product} {ergonomic}
    uintx GCDrainStackTargetSize                   = 64                                        {product} {ergonomic}
   size_t InitialHeapSize                          = 232783872                                 {product} {ergonomic}
   size_t MarkStackSize                            = 4194304                                   {product} {ergonomic}
   size_t MaxHeapSize                              = 3720347648                                {product} {ergonomic}
   size_t MinHeapDeltaBytes                        = 1048576                                   {product} {ergonomic}
    uintx NonNMethodCodeHeapSize                   = 5836300                                {pd product} {ergonomic}
    uintx NonProfiledCodeHeapSize                  = 122910970                              {pd product} {ergonomic}
    uintx ProfiledCodeHeapSize                     = 122910970                              {pd product} {ergonomic}
    uintx ReservedCodeCacheSize                    = 251658240                              {pd product} {ergonomic}
     bool SegmentedCodeCache                       = true                                      {product} {ergonomic}
     bool UseCompressedClassPointers               = true                                 {lp64_product} {ergonomic}
     bool UseCompressedOops                        = true                                 {lp64_product} {ergonomic}
     bool UseG1GC                                  = true                                      {product} {ergonomic}
     bool UseLargePagesIndividualAllocation        = false                                  {pd product} {ergonomic}

Logging:
Log output configuration:
 #0: stdout all=warning uptime,level,tags
 #1: stderr all=off uptime,level,tags

Environment Variables:
JAVA_HOME=C:\Program Files\Java\jdk-11.0.12
PATH=D:/Git/mingw32/libexec/git-core;D:/Git/mingw32/libexec/git-core;D:\Git\mingw32\bin;D:\Git\usr\bin;C:\Users\陈绎\bin;C:\Program Files\Java\jdk-11.0.12\bin;C:\Program Files\Common Files\Oracle\Java\javapath;C:\Windows\system32;C:\Windows;C:\Windows\System32\Wbem;C:\Windows\System32\WindowsPowerShell\v1.0\;C:\Windows\System32\OpenSSH\;C:\Program Files (x86)\NVIDIA Corporation\PhysX\Common;C:\Program Files\NVIDIA Corporation\NVIDIA NvDLISR;D:\neo4j\neo4j-community-4.2.11\bin;C:\Program Files\Java\jdk-11.0.12\jre;D:\texlive\2021\bin\win32;D:\NuSMV-2.6.0-win64\bin;C:\Program Files\MySQL\MySQL Server 8.0\bin;C:\Program Files (x86)\Windows Kits\8.1\Windows Performance Toolkit\;D:\Git\cmd;C:\Program Files\MySQL\MySQL Shell 8.0\bin\
USERNAME=陈绎
DISPLAY=:0.0
LC_ALL=en_US.UTF-8
OS=Windows_NT
PROCESSOR_IDENTIFIER=AMD64 Family 25 Model 80 Stepping 0, AuthenticAMD



---------------  S Y S T E M  ---------------

OS: Windows 10 , 64 bit Build 19041 (10.0.19041.1566)
OS uptime: 0 days 21:41 hours

CPU:total 12 (initial active 12) (12 cores per cpu, 2 threads per core) family 25 model 80 stepping 0 microcode 0x0, cmov, cx8, fxsr, mmx, sse, sse2, sse3, ssse3, sse4.1, sse4.2, popcnt, avx, avx2, aes, clmul, erms, mmxext, 3dnowpref, lzcnt, sse4a, ht, tsc, tscinvbit, tscinv, bmi1, bmi2,

Memory: 4k page, system-wide physical 14188M (3936M free)
TotalPageFile size 49476M (AvailPageFile size 37M)
current process WorkingSet (physical memory assigned to process): 10M, peak: 10M
current process commit charge ("private bytes"): 64M, peak: 286M

vm_info: OpenJDK 64-Bit Server VM (11.0.10+8-b1145.96) for windows-amd64 JRE (11.0.10+8-b1145.96), built on Feb 18 2021 01:38:16 by "" with MS VC++ 14.0 (VS2015)

END.
